<?xml version="1.0" encoding="UTF-8"?>
<testng-results skipped="0" failed="0" total="1" passed="1">
  <reporter-output>
  </reporter-output>
  <suite name="Default suite" duration-ms="34015" started-at="2019-03-03T05:23:12Z" finished-at="2019-03-03T05:23:46Z">
    <groups>
    </groups>
    <test name="Default test" duration-ms="34015" started-at="2019-03-03T05:23:12Z" finished-at="2019-03-03T05:23:46Z">
      <class name="testcases.TC_001">
        <test-method status="PASS" signature="tcase1()[pri:0, instance:testcases.TC_001@47fd17e3]" name="tcase1" duration-ms="33952" started-at="2019-03-03T10:53:12Z" finished-at="2019-03-03T10:53:46Z">
          <reporter-output>
          </reporter-output>
        </test-method> <!-- tcase1 -->
      </class> <!-- testcases.TC_001 -->
    </test> <!-- Default test -->
  </suite> <!-- Default suite -->
</testng-results>
